
**** Build of configuration Debug for project AUTOSAR_Project ****

"C:\\ti\\ccs1270\\ccs\\utils\\bin\\gmake" -k -j 12 all -O 
 
Building file: "../App.c"
Invoking: Arm Compiler
"C:/ti/ccs1270/ccs/tools/compiler/ti-cgt-arm_20.2.7.LTS/bin/armcl" -mv7M4 --code_state=16 --float_support=FPv4SPD16 -me --include_path="C:/Users/mod_n/Documents/M.T advance diploma/Projects/AUTOSAR_Project_WS/AUTOSAR_Project" --include_path="C:/ti/ccs1270/ccs/tools/compiler/ti-cgt-arm_20.2.7.LTS/include" --define=ccs="ccs" --define=PART_TM4C123GH6PM -g --gcc --diag_warning=225 --diag_wrap=off --display_error_number --abi=eabi --preproc_with_compile --preproc_dependency="App.d_raw"  "../App.c"
"../App.c", line 35: warning #225-D: function "Button_Init" declared implicitly
Finished building: "../App.c"
 
Building file: "../Button.c"
Invoking: Arm Compiler
"C:/ti/ccs1270/ccs/tools/compiler/ti-cgt-arm_20.2.7.LTS/bin/armcl" -mv7M4 --code_state=16 --float_support=FPv4SPD16 -me --include_path="C:/Users/mod_n/Documents/M.T advance diploma/Projects/AUTOSAR_Project_WS/AUTOSAR_Project" --include_path="C:/ti/ccs1270/ccs/tools/compiler/ti-cgt-arm_20.2.7.LTS/include" --define=ccs="ccs" --define=PART_TM4C123GH6PM -g --gcc --diag_warning=225 --diag_wrap=off --display_error_number --abi=eabi --preproc_with_compile --preproc_dependency="Button.d_raw"  "../Button.c"
Finished building: "../Button.c"
 
Building file: "../Led.c"
Invoking: Arm Compiler
"C:/ti/ccs1270/ccs/tools/compiler/ti-cgt-arm_20.2.7.LTS/bin/armcl" -mv7M4 --code_state=16 --float_support=FPv4SPD16 -me --include_path="C:/Users/mod_n/Documents/M.T advance diploma/Projects/AUTOSAR_Project_WS/AUTOSAR_Project" --include_path="C:/ti/ccs1270/ccs/tools/compiler/ti-cgt-arm_20.2.7.LTS/include" --define=ccs="ccs" --define=PART_TM4C123GH6PM -g --gcc --diag_warning=225 --diag_wrap=off --display_error_number --abi=eabi --preproc_with_compile --preproc_dependency="Led.d_raw"  "../Led.c"
Finished building: "../Led.c"
 
Building file: "../Port.c"
Invoking: Arm Compiler
"C:/ti/ccs1270/ccs/tools/compiler/ti-cgt-arm_20.2.7.LTS/bin/armcl" -mv7M4 --code_state=16 --float_support=FPv4SPD16 -me --include_path="C:/Users/mod_n/Documents/M.T advance diploma/Projects/AUTOSAR_Project_WS/AUTOSAR_Project" --include_path="C:/ti/ccs1270/ccs/tools/compiler/ti-cgt-arm_20.2.7.LTS/include" --define=ccs="ccs" --define=PART_TM4C123GH6PM -g --gcc --diag_warning=225 --diag_wrap=off --display_error_number --abi=eabi --preproc_with_compile --preproc_dependency="Port.d_raw"  "../Port.c"
Finished building: "../Port.c"
 
Building file: "../Port_PBCfg.c"
Invoking: Arm Compiler
"C:/ti/ccs1270/ccs/tools/compiler/ti-cgt-arm_20.2.7.LTS/bin/armcl" -mv7M4 --code_state=16 --float_support=FPv4SPD16 -me --include_path="C:/Users/mod_n/Documents/M.T advance diploma/Projects/AUTOSAR_Project_WS/AUTOSAR_Project" --include_path="C:/ti/ccs1270/ccs/tools/compiler/ti-cgt-arm_20.2.7.LTS/include" --define=ccs="ccs" --define=PART_TM4C123GH6PM -g --gcc --diag_warning=225 --diag_wrap=off --display_error_number --abi=eabi --preproc_with_compile --preproc_dependency="Port_PBCfg.d_raw"  "../Port_PBCfg.c"
Finished building: "../Port_PBCfg.c"
 
Building target: "AUTOSAR_Project.out"
Invoking: Arm Linker
"C:/ti/ccs1270/ccs/tools/compiler/ti-cgt-arm_20.2.7.LTS/bin/armcl" -mv7M4 --code_state=16 --float_support=FPv4SPD16 -me --define=ccs="ccs" --define=PART_TM4C123GH6PM -g --gcc --diag_warning=225 --diag_wrap=off --display_error_number --abi=eabi -z -m"AUTOSAR_Project.map" --heap_size=0 --stack_size=512 -i"C:/ti/ccs1270/ccs/tools/compiler/ti-cgt-arm_20.2.7.LTS/lib" -i"C:/ti/ccs1270/ccs/tools/compiler/ti-cgt-arm_20.2.7.LTS/include" --reread_libs --diag_wrap=off --display_error_number --warn_sections --xml_link_info="AUTOSAR_Project_linkInfo.xml" --rom_model -o "AUTOSAR_Project.out" "./App.obj" "./Button.obj" "./Det.obj" "./Dio.obj" "./Dio_PBcfg.obj" "./Gpt.obj" "./Led.obj" "./Mcu.obj" "./Os.obj" "./Port.obj" "./Port_PBCfg.obj" "./main.obj" "./tm4c123gh6pm_startup_ccs.obj" "../tm4c123gh6pm.cmd"  -llibc.a 
<Linking>
 
 undefined          first referenced
  symbol                in file     
 ---------          ----------------
 Port_Configuration ./App.obj       
 
error #10234-D: unresolved symbols remain
error #10010: errors encountered during linking; "AUTOSAR_Project.out" not built
 
>> Compilation failure
makefile:147: recipe for target 'AUTOSAR_Project.out' failed
gmake[1]: *** [AUTOSAR_Project.out] Error 1
makefile:143: recipe for target 'all' failed
gmake: *** [all] Error 2

**** Build Finished ****
